Release 14.7 - xst P.20131013 (nt64)
Copyright (c) 1995-2013 Xilinx, Inc.  All rights reserved.
--> Parameter TMPDIR set to xst/projnav.tmp


Total REAL time to Xst completion: 1.00 secs
Total CPU time to Xst completion: 0.28 secs
 
--> Parameter xsthdpdir set to xst


Total REAL time to Xst completion: 1.00 secs
Total CPU time to Xst completion: 0.28 secs
 
--> Reading design: StackMemory.prj

TABLE OF CONTENTS
  1) Synthesis Options Summary
  2) HDL Parsing
  3) HDL Elaboration
  4) HDL Synthesis
       4.1) HDL Synthesis Report
  5) Advanced HDL Synthesis
       5.1) Advanced HDL Synthesis Report
  6) Low Level Synthesis
  7) Partition Report
  8) Design Summary
       8.1) Primitive and Black Box Usage
       8.2) Device utilization summary
       8.3) Partition Resource Summary
       8.4) Timing Report
            8.4.1) Clock Information
            8.4.2) Asynchronous Control Signals Information
            8.4.3) Timing Summary
            8.4.4) Timing Details
            8.4.5) Cross Clock Domains Report


=========================================================================
*                      Synthesis Options Summary                        *
=========================================================================
---- Source Parameters
Input File Name                    : "StackMemory.prj"
Ignore Synthesis Constraint File   : NO

---- Target Parameters
Output File Name                   : "StackMemory"
Output Format                      : NGC
Target Device                      : xc6slx16-3-csg324

---- Source Options
Top Module Name                    : StackMemory
Automatic FSM Extraction           : YES
FSM Encoding Algorithm             : Auto
Safe Implementation                : No
FSM Style                          : LUT
RAM Extraction                     : Yes
RAM Style                          : Auto
ROM Extraction                     : Yes
Shift Register Extraction          : YES
ROM Style                          : Auto
Resource Sharing                   : YES
Asynchronous To Synchronous        : NO
Shift Register Minimum Size        : 2
Use DSP Block                      : Auto
Automatic Register Balancing       : No

---- Target Options
LUT Combining                      : Auto
Reduce Control Sets                : Auto
Add IO Buffers                     : YES
Global Maximum Fanout              : 100000
Add Generic Clock Buffer(BUFG)     : 16
Register Duplication               : YES
Optimize Instantiated Primitives   : NO
Use Clock Enable                   : Auto
Use Synchronous Set                : Auto
Use Synchronous Reset              : Auto
Pack IO Registers into IOBs        : Auto
Equivalent register Removal        : YES

---- General Options
Optimization Goal                  : Speed
Optimization Effort                : 1
Power Reduction                    : NO
Keep Hierarchy                     : No
Netlist Hierarchy                  : As_Optimized
RTL Output                         : Yes
Global Optimization                : AllClockNets
Read Cores                         : YES
Write Timing Constraints           : NO
Cross Clock Analysis               : NO
Hierarchy Separator                : /
Bus Delimiter                      : <>
Case Specifier                     : Maintain
Slice Utilization Ratio            : 100
BRAM Utilization Ratio             : 100
DSP48 Utilization Ratio            : 100
Auto BRAM Packing                  : NO
Slice Utilization Ratio Delta      : 5

=========================================================================


=========================================================================
*                          HDL Parsing                                  *
=========================================================================
Analyzing Verilog file "C:\Users\Travis\Documents\GitHub\ECE6710_06\Memory_Emulator\Memory_Emulator\SRAM.v" into library work
Parsing module <StackMemory>.

=========================================================================
*                            HDL Elaboration                            *
=========================================================================

Elaborating module <StackMemory>.

=========================================================================
*                           HDL Synthesis                               *
=========================================================================

Synthesizing Unit <StackMemory>.
    Related source file is "C:\Users\Travis\Documents\GitHub\ECE6710_06\Memory_Emulator\Memory_Emulator\SRAM.v".
        WIDTH = 32
        RAM_ADDR_BITS = 10
WARNING:Xst - Value "{AUTO | BLOCK |  BLOCK_POWER1 | BLOCK_POWER2}" of property "RAM_STYLE" is not applicable. List of valid values is "auto, block, block_power1, block_power2, distributed, pipe_block, pipe_distributed" 
    Found 1024x32-bit single-port RAM <Mram_stackRAM> for signal <stackRAM>.
    Found 4-bit register for signal <count>.
    Found 32-bit register for signal <stackData>.
    Found 4-bit adder for signal <count[3]_GND_1_o_add_5_OUT> created at line 50.
    Summary:
	inferred   1 RAM(s).
	inferred   1 Adder/Subtractor(s).
	inferred  36 D-type flip-flop(s).
	inferred   1 Multiplexer(s).
Unit <StackMemory> synthesized.

=========================================================================
HDL Synthesis Report

Macro Statistics
# RAMs                                                 : 1
 1024x32-bit single-port RAM                           : 1
# Adders/Subtractors                                   : 1
 4-bit adder                                           : 1
# Registers                                            : 2
 32-bit register                                       : 1
 4-bit register                                        : 1
# Multiplexers                                         : 1
 1-bit 2-to-1 multiplexer                              : 1

=========================================================================

=========================================================================
*                       Advanced HDL Synthesis                          *
=========================================================================


Synthesizing (advanced) Unit <StackMemory>.
The following registers are absorbed into counter <count>: 1 register on signal <count>.
INFO:Xst:3218 - HDL ADVISOR - The RAM <Mram_stackRAM> will be implemented on LUTs either because you have described an asynchronous read or because of currently unsupported block RAM features. If you have described an asynchronous read, making it synchronous would allow you to take advantage of available block RAM resources, for optimized device usage and improved timings. Please refer to your documentation for coding guidelines.
    -----------------------------------------------------------------------
    | ram_type           | Distributed                         |          |
    -----------------------------------------------------------------------
    | Port A                                                              |
    |     aspect ratio   | 1024-word x 32-bit                  |          |
    |     clkA           | connected to signal <clk>           | rise     |
    |     weA            | connected to internal node          | high     |
    |     addrA          | connected to signal <address>       |          |
    |     diA            | connected to signal <input_data>    |          |
    |     doA            | connected to internal node          |          |
    -----------------------------------------------------------------------
Unit <StackMemory> synthesized (advanced).

=========================================================================
Advanced HDL Synthesis Report

Macro Statistics
# RAMs                                                 : 1
 1024x32-bit single-port distributed RAM               : 1
# Counters                                             : 1
 4-bit up counter                                      : 1
# Registers                                            : 32
 Flip-Flops                                            : 32

=========================================================================

=========================================================================
*                         Low Level Synthesis                           *
=========================================================================

Optimizing unit <StackMemory> ...

Mapping all equations...
Building and optimizing final netlist ...
Found area constraint ratio of 100 (+ 5) on block StackMemory, actual ratio is 0.

Final Macro Processing ...

=========================================================================
Final Register Report

Macro Statistics
# Registers                                            : 36
 Flip-Flops                                            : 36

=========================================================================

=========================================================================
*                           Partition Report                            *
=========================================================================

Partition Implementation Status
-------------------------------

  No Partitions were found in this design.

-------------------------------

=========================================================================
*                            Design Summary                             *
=========================================================================

Top Level Output File Name         : StackMemory.ngc

Primitive and Black Box Usage:
------------------------------
# BELS                             : 77
#      LUT2                        : 1
#      LUT4                        : 4
#      LUT5                        : 1
#      LUT6                        : 71
# FlipFlops/Latches                : 36
#      FD                          : 36
# RAMS                             : 128
#      RAM256X1S                   : 128
# Clock Buffers                    : 1
#      BUFGP                       : 1
# IO Buffers                       : 77
#      IBUF                        : 45
#      OBUF                        : 32

Device utilization summary:
---------------------------

Selected Device : 6slx16csg324-3 


Slice Logic Utilization: 
 Number of Slice Registers:              36  out of  18224     0%  
 Number of Slice LUTs:                  589  out of   9112     6%  
    Number used as Logic:                77  out of   9112     0%  
    Number used as Memory:              512  out of   2176    23%  
       Number used as RAM:              512

Slice Logic Distribution: 
 Number of LUT Flip Flop pairs used:    589
   Number with an unused Flip Flop:     553  out of    589    93%  
   Number with an unused LUT:             0  out of    589     0%  
   Number of fully used LUT-FF pairs:    36  out of    589     6%  
   Number of unique control sets:         1

IO Utilization: 
 Number of IOs:                          78
 Number of bonded IOBs:                  78  out of    232    33%  

Specific Feature Utilization:
 Number of BUFG/BUFGCTRLs:                1  out of     16     6%  

---------------------------
Partition Resource Summary:
---------------------------

  No Partitions were found in this design.

---------------------------


=========================================================================
Timing Report

NOTE: THESE TIMING NUMBERS ARE ONLY A SYNTHESIS ESTIMATE.
      FOR ACCURATE TIMING INFORMATION PLEASE REFER TO THE TRACE REPORT
      GENERATED AFTER PLACE-and-ROUTE.

Clock Information:
------------------
-----------------------------------+------------------------+-------+
Clock Signal                       | Clock buffer(FF name)  | Load  |
-----------------------------------+------------------------+-------+
clk                                | BUFGP                  | 164   |
-----------------------------------+------------------------+-------+

Asynchronous Control Signals Information:
----------------------------------------
No asynchronous control signals found in this design

Timing Summary:
---------------
Speed Grade: -3

   Minimum period: 3.089ns (Maximum Frequency: 323.756MHz)
   Minimum input arrival time before clock: 5.525ns
   Maximum output required time after clock: 3.634ns
   Maximum combinational path delay: No path found

Timing Details:
---------------
All values displayed in nanoseconds (ns)

=========================================================================
Timing constraint: Default period analysis for Clock 'clk'
  Clock period: 3.089ns (frequency: 323.756MHz)
  Total number of paths / destination ports: 688 / 164
-------------------------------------------------------------------------
Delay:               3.089ns (Levels of Logic = 2)
  Source:            count_1 (FF)
  Destination:       stackData_0 (FF)
  Source Clock:      clk rising
  Destination Clock: clk rising

  Data Path: count_1 to stackData_0
                                Gate     Net
    Cell:in->out      fanout   Delay   Delay  Logical Name (Net Name)
    ----------------------------------------  ------------
     FD:C->Q              10   0.447   1.104  count_1 (count_1)
     LUT4:I0->O           17   0.203   1.028  GND_1_o_WE_AND_3_o11_cepot (GND_1_o_WE_AND_3_o11_cepot)
     LUT6:I5->O            1   0.205   0.000  stackData_0_rstpot (stackData_0_rstpot)
     FD:D                      0.102          stackData_0
    ----------------------------------------
    Total                      3.089ns (0.957ns logic, 2.132ns route)
                                       (31.0% logic, 69.0% route)

=========================================================================
Timing constraint: Default OFFSET IN BEFORE for Clock 'clk'
  Total number of paths / destination ports: 1962 / 1316
-------------------------------------------------------------------------
Offset:              5.525ns (Levels of Logic = 3)
  Source:            CE (PAD)
  Destination:       Mram_stackRAM1 (RAM)
  Destination Clock: clk rising

  Data Path: CE to Mram_stackRAM1
                                Gate     Net
    Cell:in->out      fanout   Delay   Delay  Logical Name (Net Name)
    ----------------------------------------  ------------
     IBUF:I->O            38   1.222   1.624  CE_IBUF (CE_IBUF)
     LUT4:I0->O            2   0.203   0.981  count_cst11_SW0 (N61)
     LUT6:I0->O           32   0.203   1.291  write_ctrl (write_ctrl)
     RAM256X1S:WE              0.000          Mram_stackRAM1
    ----------------------------------------
    Total                      5.525ns (1.628ns logic, 3.897ns route)
                                       (29.5% logic, 70.5% route)

=========================================================================
Timing constraint: Default OFFSET OUT AFTER for Clock 'clk'
  Total number of paths / destination ports: 32 / 32
-------------------------------------------------------------------------
Offset:              3.634ns (Levels of Logic = 1)
  Source:            stackData_31 (FF)
  Destination:       stackData<31> (PAD)
  Source Clock:      clk rising

  Data Path: stackData_31 to stackData<31>
                                Gate     Net
    Cell:in->out      fanout   Delay   Delay  Logical Name (Net Name)
    ----------------------------------------  ------------
     FD:C->Q               2   0.447   0.616  stackData_31 (stackData_31)
     OBUF:I->O                 2.571          stackData_31_OBUF (stackData<31>)
    ----------------------------------------
    Total                      3.634ns (3.018ns logic, 0.616ns route)
                                       (83.0% logic, 17.0% route)

=========================================================================

Cross Clock Domains Report:
--------------------------

Clock to Setup on destination clock clk
---------------+---------+---------+---------+---------+
               | Src:Rise| Src:Fall| Src:Rise| Src:Fall|
Source Clock   |Dest:Rise|Dest:Rise|Dest:Fall|Dest:Fall|
---------------+---------+---------+---------+---------+
clk            |    3.089|         |         |         |
---------------+---------+---------+---------+---------+

=========================================================================


Total REAL time to Xst completion: 15.00 secs
Total CPU time to Xst completion: 14.46 secs
 
--> 

Total memory usage is 260448 kilobytes

Number of errors   :    0 (   0 filtered)
Number of warnings :    1 (   0 filtered)
Number of infos    :    1 (   0 filtered)

