Command line:
   alu_tb_isim_beh.exe
     -simmode  gui
     -simrunnum  0
     -socket  51583

Fri Nov 20 13:55:10 2015


 Elaboration Time: 0.093601 sec

 Current Memory Usage: 667.546 Meg

 Total Signals          : 22
 Total Nets             : 103
 Total Signal Drivers   : 16
 Total Blocks           : 3
 Total Primitive Blocks : 2
 Total Processes        : 19
 Total Traceable Variables  : 25
 Total Scalar Nets and Variables : 333
Total Line Count : 66

 Total Simulation Time: 109.794 sec

 Current Memory Usage: 667.546 Meg

Fri Nov 20 13:57:07 2015

