Command line:
   regfile_tb_isim_beh.exe
     -simmode  gui
     -simrunnum  0
     -socket  51890

Fri Nov 20 16:35:05 2015


 Elaboration Time: 0.0624 sec

 Current Memory Usage: 667.537 Meg

 Total Signals          : 23
 Total Nets             : 87
 Total Signal Drivers   : 13
 Total Blocks           : 3
 Total Primitive Blocks : 2
 Total Processes        : 17
 Total Traceable Variables  : 27
 Total Scalar Nets and Variables : 529
Total Line Count : 56

 Total Simulation Time: 0.0624 sec

 Current Memory Usage: 667.537 Meg

Fri Nov 20 17:40:20 2015

